<?xml version="1.0" encoding="UTF-8"?>
<testsuite name="SwimmerAPITest$PersistenceTests" tests="2" skipped="0" failures="0" errors="0" timestamp="2023-04-25T17:28:04" hostname="DESKTOP-66BKA17" time="0.145">
  <properties/>
  <testcase name="saving and loading an empty collection in XML doesn't crash app()" classname="SwimmerAPITest$PersistenceTests" time="0.133"/>
  <testcase name="saving and loading a loaded collection in XML doesn't lose data()" classname="SwimmerAPITest$PersistenceTests" time="0.011"/>
  <system-out><![CDATA[]]></system-out>
  <system-err><![CDATA[]]></system-err>
</testsuite>
