<?xml version="1.0" encoding="UTF-8"?>
<testsuite name="SwimmerAPITest$ArchiveSwimmers" tests="3" skipped="0" failures="0" errors="0" timestamp="2023-04-28T20:23:17" hostname="DESKTOP-66BKA17" time="0.003">
  <properties/>
  <testcase name="archiving an active swimmer that exists returns true and archives()" classname="SwimmerAPITest$ArchiveSwimmers" time="0.001"/>
  <testcase name="archiving a swimmer that does not exist returns false()" classname="SwimmerAPITest$ArchiveSwimmers" time="0.001"/>
  <testcase name="archiving an already archived swimmer returns false()" classname="SwimmerAPITest$ArchiveSwimmers" time="0.001"/>
  <system-out><![CDATA[]]></system-out>
  <system-err><![CDATA[]]></system-err>
</testsuite>
