<?xml version="1.0" encoding="UTF-8"?>
<testsuite name="SwimmerAPITest$AddSwimmers" tests="2" skipped="0" failures="0" errors="0" timestamp="2023-04-27T13:00:59" hostname="DESKTOP-66BKA17" time="0.079">
  <properties/>
  <testcase name="adding a Swimmer to an empty list adds to ArrayList()" classname="SwimmerAPITest$AddSwimmers" time="0.077"/>
  <testcase name="adding a Swimmer to a populated list adds to ArrayList()" classname="SwimmerAPITest$AddSwimmers" time="0.001"/>
  <system-out><![CDATA[]]></system-out>
  <system-err><![CDATA[]]></system-err>
</testsuite>
