<?xml version="1.0" encoding="UTF-8"?>
<testsuite name="SwimmerAPITest$PersistenceTests" tests="2" skipped="0" failures="0" errors="0" timestamp="2023-04-27T13:00:59" hostname="DESKTOP-66BKA17" time="0.253">
  <properties/>
  <testcase name="saving and loading an empty collection in XML doesn't crash app()" classname="SwimmerAPITest$PersistenceTests" time="0.232"/>
  <testcase name="saving and loading a loaded collection in XML doesn't lose data()" classname="SwimmerAPITest$PersistenceTests" time="0.02"/>
  <system-out><![CDATA[]]></system-out>
  <system-err><![CDATA[]]></system-err>
</testsuite>
