<?xml version="1.0" encoding="UTF-8"?>
<testsuite name="controllers.SwimmerAPITest$AddSwimmers" tests="2" skipped="0" failures="0" errors="0" timestamp="2023-04-24T12:25:41" hostname="DESKTOP-66BKA17" time="0.014">
  <properties/>
  <testcase name="adding a Swimmer to an empty list adds to ArrayList()" classname="controllers.SwimmerAPITest$AddSwimmers" time="0.013"/>
  <testcase name="adding a Swimmer to a populated list adds to ArrayList()" classname="controllers.SwimmerAPITest$AddSwimmers" time="0.0"/>
  <system-out><![CDATA[]]></system-out>
  <system-err><![CDATA[]]></system-err>
</testsuite>
