<?xml version="1.0" encoding="UTF-8"?>
<testsuite name="controllers.SwimmerAPITest" tests="1" skipped="0" failures="0" errors="0" timestamp="2023-04-24T11:49:04" hostname="DESKTOP-66BKA17" time="0.008">
  <properties/>
  <testcase name="add swimmer to empty swimmer api()" classname="controllers.SwimmerAPITest" time="0.008"/>
  <system-out><![CDATA[]]></system-out>
  <system-err><![CDATA[]]></system-err>
</testsuite>
