<?xml version="1.0" encoding="UTF-8"?>
<testsuite name="SwimmerAPITest$ListSwimmers" tests="8" skipped="0" failures="0" errors="0" timestamp="2023-04-28T17:19:34" hostname="DESKTOP-66BKA17" time="0.042">
  <properties/>
  <testcase name="listActiveSwimmers returns no active swimmers stored when ArrayList is empty()" classname="SwimmerAPITest$ListSwimmers" time="0.035"/>
  <testcase name="listUngradedRaces returns no swimmer stored message when no swimmers exist()" classname="SwimmerAPITest$ListSwimmers" time="0.001"/>
  <testcase name="listArchivedSwimmers returns archived swimmers when ArrayList has archived swimmers stored()" classname="SwimmerAPITest$ListSwimmers" time="0.002"/>
  <testcase name="listArchivedSwimmers returns no archived swimmers when ArrayList is empty()" classname="SwimmerAPITest$ListSwimmers" time="0.0"/>
  <testcase name="listAllSwimmers returns No Swimmers Stored message when ArrayList is empty()" classname="SwimmerAPITest$ListSwimmers" time="0.001"/>
  <testcase name="listUngradedRaces returns correct list of ungraded races()" classname="SwimmerAPITest$ListSwimmers" time="0.0"/>
  <testcase name="listActiveSwimmers returns active swimmers when ArrayList has active swimmers stored()" classname="SwimmerAPITest$ListSwimmers" time="0.0"/>
  <testcase name="listAllSwimmers returns Swimmers when ArrayList has swimmers stored()" classname="SwimmerAPITest$ListSwimmers" time="0.0"/>
  <system-out><![CDATA[]]></system-out>
  <system-err><![CDATA[]]></system-err>
</testsuite>
