<?xml version="1.0" encoding="UTF-8"?>
<testsuite name="SwimmerAPITest$CountingMethods" tests="4" skipped="0" failures="0" errors="0" timestamp="2023-04-25T17:28:04" hostname="DESKTOP-66BKA17" time="0.002">
  <properties/>
  <testcase name="numberOfSwimmersCalculatedCorrectly()" classname="SwimmerAPITest$CountingMethods" time="0.0"/>
  <testcase name="numberOfActiveSwimmersCalculatedCorrectly()" classname="SwimmerAPITest$CountingMethods" time="0.0"/>
  <testcase name="numberOfSwimmersByLevelCalculatedCorrectly()" classname="SwimmerAPITest$CountingMethods" time="0.001"/>
  <testcase name="numberOfArchivedSwimmersCalculatedCorrectly()" classname="SwimmerAPITest$CountingMethods" time="0.0"/>
  <system-out><![CDATA[]]></system-out>
  <system-err><![CDATA[]]></system-err>
</testsuite>
