<?xml version="1.0" encoding="UTF-8"?>
<testsuite name="SwimmerAPITest$UpdateSwimmers" tests="2" skipped="0" failures="0" errors="0" timestamp="2023-04-28T17:19:34" hostname="DESKTOP-66BKA17" time="0.001">
  <properties/>
  <testcase name="updating a swimmer that exists returns true and updates()" classname="SwimmerAPITest$UpdateSwimmers" time="0.001"/>
  <testcase name="updating a swimmer that does not exist returns false()" classname="SwimmerAPITest$UpdateSwimmers" time="0.0"/>
  <system-out><![CDATA[]]></system-out>
  <system-err><![CDATA[]]></system-err>
</testsuite>
