<?xml version="1.0" encoding="UTF-8"?>
<testsuite name="controllers.SwimmerAPITest" tests="4" skipped="0" failures="0" errors="0" timestamp="2023-04-24T11:55:32" hostname="DESKTOP-66BKA17" time="0.021">
  <properties/>
  <testcase name="search swimmers by name()" classname="controllers.SwimmerAPITest" time="0.015"/>
  <testcase name="find swimmer by invalid id()" classname="controllers.SwimmerAPITest" time="0.003"/>
  <testcase name="find swimmer by id()" classname="controllers.SwimmerAPITest" time="0.001"/>
  <testcase name="list all swimmers()" classname="controllers.SwimmerAPITest" time="0.0"/>
  <system-out><![CDATA[]]></system-out>
  <system-err><![CDATA[]]></system-err>
</testsuite>
