<?xml version="1.0" encoding="UTF-8"?>
<testsuite name="SwimmerAPITest$ArchiveSwimmers" tests="1" skipped="0" failures="0" errors="0" timestamp="2023-04-27T15:12:03" hostname="DESKTOP-66BKA17" time="0.066">
  <properties/>
  <testcase name="archiving an active swimmer that exists returns true and archives()" classname="SwimmerAPITest$ArchiveSwimmers" time="0.066"/>
  <system-out><![CDATA[]]></system-out>
  <system-err><![CDATA[]]></system-err>
</testsuite>
