<?xml version="1.0" encoding="UTF-8"?>
<testsuite name="SwimmerAPITest$SearchMethods" tests="2" skipped="0" failures="0" errors="0" timestamp="2023-04-27T13:00:59" hostname="DESKTOP-66BKA17" time="0.011">
  <properties/>
  <testcase name="search swimmers by name returns swimmers when swimmers with that name exist()" classname="SwimmerAPITest$SearchMethods" time="0.009"/>
  <testcase name="search swimmers by name returns no swimmers when no swimmers with that name exist()" classname="SwimmerAPITest$SearchMethods" time="0.001"/>
  <system-out><![CDATA[]]></system-out>
  <system-err><![CDATA[]]></system-err>
</testsuite>
